Added Component: Designator=C27(0805)
Added Component: Designator=C28(0805)
Added Component: Designator=C29(0805)
Added Component: Designator=C30(0805)
Added Component: Designator=C31(0805)
Added Component: Designator=C32(0805)
Added Component: Designator=C33(0805)
Added Component: Designator=C34(0805)
Added Component: Designator=C35(0805)
Added Component: Designator=C36(0805)
Added Component: Designator=C37(0805)
Added Component: Designator=C38(0805)
Added Component: Designator=C39(0805)
Added Pin To Net: NetName=GND Pin=C27-1
Added Pin To Net: NetName=VDD_3V3 Pin=C27-2
Added Pin To Net: NetName=GND Pin=C28-1
Added Pin To Net: NetName=VDD_3V3 Pin=C28-2
Added Pin To Net: NetName=GND Pin=C29-1
Added Pin To Net: NetName=VDD_3V3 Pin=C29-2
Added Pin To Net: NetName=GND Pin=C30-1
Added Pin To Net: NetName=VDD_3V3 Pin=C30-2
Added Pin To Net: NetName=GND Pin=C31-1
Added Pin To Net: NetName=VDD_3V3 Pin=C31-2
Added Pin To Net: NetName=GND Pin=C32-1
Added Pin To Net: NetName=VDD_3V3 Pin=C32-2
Added Pin To Net: NetName=GND Pin=C33-1
Added Pin To Net: NetName=VDD_3V3 Pin=C33-2
Added Pin To Net: NetName=GND Pin=C34-1
Added Pin To Net: NetName=VDD_3V3 Pin=C34-2
Added Pin To Net: NetName=GND Pin=C35-1
Added Pin To Net: NetName=VDD_3V3 Pin=C35-2
Added Pin To Net: NetName=GND Pin=C36-1
Added Pin To Net: NetName=VDD_3V3 Pin=C36-2
Added Pin To Net: NetName=GND Pin=C37-1
Added Pin To Net: NetName=VDD_3V3 Pin=C37-2
Added Pin To Net: NetName=GND Pin=C38-1
Added Pin To Net: NetName=VDD_3V3 Pin=C38-2
Added Pin To Net: NetName=VDD_3V3 Pin=C39-1
Added Pin To Net: NetName=GND Pin=C39-2
Added Member To Class: ClassName=PCB Ver. 1.0 Member=Component C27 Cap
Added Member To Class: ClassName=PCB Ver. 1.0 Member=Component C28 Cap
Added Member To Class: ClassName=PCB Ver. 1.0 Member=Component C29 Cap
Added Member To Class: ClassName=PCB Ver. 1.0 Member=Component C30 Cap
Added Member To Class: ClassName=PCB Ver. 1.0 Member=Component C31 Cap
Added Member To Class: ClassName=PCB Ver. 1.0 Member=Component C32 Cap
Added Member To Class: ClassName=PCB Ver. 1.0 Member=Component C33 Cap
Added Member To Class: ClassName=PCB Ver. 1.0 Member=Component C34 Cap
Added Member To Class: ClassName=PCB Ver. 1.0 Member=Component C35 Cap
Added Member To Class: ClassName=PCB Ver. 1.0 Member=Component C36 Cap
Added Member To Class: ClassName=PCB Ver. 1.0 Member=Component C37 Cap
Added Member To Class: ClassName=PCB Ver. 1.0 Member=Component C38 Cap
Added Member To Class: ClassName=PCB Ver. 1.0 Member=Component C39 Cap Pol1
Added Room: Name=PCB Ver. 1.0
