Added Component: Designator=C1(RB7.6-15)
Added Component: Designator=C2(RAD-0.3)
Added Component: Designator=C3(RAD-0.3)
Added Component: Designator=C4(RB7.6-15)
Added Component: Designator=C5(RB7.6-15)
Added Component: Designator=C6(RAD-0.3)
Added Component: Designator=C7(RAD-0.3)
Added Component: Designator=C8(RB7.6-15)
Added Component: Designator=C9(RB7.6-15)
Added Component: Designator=C10(RAD-0.3)
Added Component: Designator=C11(RB7.6-15)
Added Component: Designator=C12(RAD-0.3)
Added Component: Designator=C13(RAD-0.3)
Added Component: Designator=C14(RAD-0.3)
Added Component: Designator=C15(RAD-0.3)
Added Component: Designator=C16(RAD-0.3)
Added Component: Designator=C17(6-0805_N)
Added Component: Designator=C18(6-0805_N)
Added Component: Designator=C19(6-0805_N)
Added Component: Designator=C20(6-0805_N)
Added Component: Designator=C21(RAD-0.3)
Added Component: Designator=C22(RAD-0.3)
Added Component: Designator=C23(6-0805_N)
Added Component: Designator=C24(6-0805_N)
Added Component: Designator=C25(RAD-0.3)
Added Component: Designator=C26(6-0805_N)
Added Component: Designator=D1(DO-214AA)
Added Component: Designator=D2(1206_LED)
Added Component: Designator=D3(DO-214AA)
Added Component: Designator=D4(1206_LED)
Added Component: Designator=J1(HDR2X20)
Added Component: Designator=L1(12*12*7贴片电感)
Added Component: Designator=L2(12*12*7贴片电感)
Added Component: Designator=P1(HDR1X4)
Added Component: Designator=P2(HDR1X4)
Added Component: Designator=P3(HDR1X5)
Added Component: Designator=P4(HDR1X4)
Added Component: Designator=P5(HDR1X4)
Added Component: Designator=P6(HDR1X5)
Added Component: Designator=P7(HDR1X2)
Added Component: Designator=P8(MHDR1X2)
Added Component: Designator=P9(MHDR1X2)
Added Component: Designator=P10(MHDR1X2)
Added Component: Designator=P11(MHDR1X2)
Added Component: Designator=P12(MHDR1X2)
Added Component: Designator=P13(HDR1X2)
Added Component: Designator=P14(HDR2X7)
Added Component: Designator=P15(HDR2X8)
Added Component: Designator=P16(HDR1X8)
Added Component: Designator=P17(HDR2X8)
Added Component: Designator=P18(HDR1X8)
Added Component: Designator=P19(HDR2X8)
Added Component: Designator=R1(3296W精密电位器)
Added Component: Designator=R2(AXIAL-0.4)
Added Component: Designator=R3(AXIAL-0.4)
Added Component: Designator=R4(AXIAL-0.4)
Added Component: Designator=R5(3296W精密电位器)
Added Component: Designator=R6(AXIAL-0.4)
Added Component: Designator=R7(AXIAL-0.4)
Added Component: Designator=R8(AXIAL-0.4)
Added Component: Designator=R9(AXIAL-0.4)
Added Component: Designator=R10(AXIAL-0.4)
Added Component: Designator=R11(AXIAL-0.4)
Added Component: Designator=R12(AXIAL-0.4)
Added Component: Designator=R13(AXIAL-0.4)
Added Component: Designator=R14(AXIAL-0.4)
Added Component: Designator=R15(6-0805_N)
Added Component: Designator=R16(AXIAL-0.4)
Added Component: Designator=R17(AXIAL-0.4)
Added Component: Designator=R18(AXIAL-0.4)
Added Component: Designator=R19(6-0805_N)
Added Component: Designator=R20(AXIAL-0.4)
Added Component: Designator=R21(AXIAL-0.4)
Added Component: Designator=R22(AXIAL-0.4)
Added Component: Designator=R23(AXIAL-0.4)
Added Component: Designator=R24(6-0805_N)
Added Component: Designator=R25(6-0805_N)
Added Component: Designator=R26(6-0805_N)
Added Component: Designator=R27(6-0805_N)
Added Component: Designator=R28(6-0805_N)
Added Component: Designator=R29(6-0805_N)
Added Component: Designator=R30(6-0805_N)
Added Component: Designator=R31(6-0805_N)
Added Component: Designator=R32(6-0805_N)
Added Component: Designator=R33(6-0805_N)
Added Component: Designator=R34(6-0805_N)
Added Component: Designator=R35(6-0805_N)
Added Component: Designator=R36(6-0805_N)
Added Component: Designator=R37(6-0805_N)
Added Component: Designator=R38(6-0805_N)
Added Component: Designator=R39(6-0805_N)
Added Component: Designator=R40(6-0805_N)
Added Component: Designator=R41(6-0805_N)
Added Component: Designator=R42(6-0805_N)
Added Component: Designator=R43(6-0805_N)
Added Component: Designator=R44(6-0805_N)
Added Component: Designator=R45(6-0805_N)
Added Component: Designator=R46(6-0805_N)
Added Component: Designator=R47(6-0805_N)
Added Component: Designator=R48(6-0805_N)
Added Component: Designator=R49(6-0805_N)
Added Component: Designator=R50(6-0805_N)
Added Component: Designator=R51(6-0805_N)
Added Component: Designator=R52(6-0805_N)
Added Component: Designator=R53(6-0805_N)
Added Component: Designator=R54(6-0805_N)
Added Component: Designator=R55(6-0805_N)
Added Component: Designator=R56(6-0805_N)
Added Component: Designator=R57(6-0805_N)
Added Component: Designator=R58(6-0805_N)
Added Component: Designator=R59(6-0805_N)
Added Component: Designator=R60(6-0805_N)
Added Component: Designator=R61(6-0805_N)
Added Component: Designator=R62(6-0805_N)
Added Component: Designator=R63(6-0805_N)
Added Component: Designator=R64(6-0805_N)
Added Component: Designator=S1(DIP-4)
Added Component: Designator=S2(SPST-2)
Added Component: Designator=U1(STM-LQFP144_N)
Added Component: Designator=U2(TO-263)
Added Component: Designator=U3(TO-263)
Added Component: Designator=U4(SOT223)
Added Component: Designator=U5(SO-8)
Added Component: Designator=U6(SO-8)
Added Component: Designator=X1(XT60PB)
Added Component: Designator=X2(XT60PB)
Added Component: Designator=X3(XT30UPB)
Added Component: Designator=X4(XT30UPB)
Added Component: Designator=X5(XT30UPB)
Added Component: Designator=X6(XT30UPB)
Added Component: Designator=X7(XT30UPB)
Added Component: Designator=X8(XT30UPB)
Added Component: Designator=X9(XT30UPB)
Added Component: Designator=X10(XT30UPB)
Added Pin To Net: NetName=ADC3_IN4 Pin=R41-1
Added Pin To Net: NetName=ADC3_IN4 Pin=U1-18
Added Net: Name=ADC3_IN4
Added Pin To Net: NetName=ADC3_IN5 Pin=R42-2
Added Pin To Net: NetName=ADC3_IN5 Pin=U1-19
Added Net: Name=ADC3_IN5
Added Pin To Net: NetName=ADC3_IN6 Pin=R43-1
Added Pin To Net: NetName=ADC3_IN6 Pin=U1-20
Added Net: Name=ADC3_IN6
Added Pin To Net: NetName=ADC3_IN7 Pin=R44-2
Added Pin To Net: NetName=ADC3_IN7 Pin=U1-21
Added Net: Name=ADC3_IN7
Added Pin To Net: NetName=ADC3_IN8 Pin=R45-1
Added Pin To Net: NetName=ADC3_IN8 Pin=U1-22
Added Net: Name=ADC3_IN8
Added Pin To Net: NetName=ADC3_IN9 Pin=R46-2
Added Pin To Net: NetName=ADC3_IN9 Pin=U1-13
Added Net: Name=ADC3_IN9
Added Pin To Net: NetName=ADC3_IN14 Pin=R47-1
Added Pin To Net: NetName=ADC3_IN14 Pin=U1-14
Added Net: Name=ADC3_IN14
Added Pin To Net: NetName=ADC3_IN15 Pin=C17-1
Added Pin To Net: NetName=ADC3_IN15 Pin=C18-2
Added Pin To Net: NetName=ADC3_IN15 Pin=R15-1
Added Pin To Net: NetName=ADC3_IN15 Pin=R19-2
Added Pin To Net: NetName=ADC3_IN15 Pin=R48-2
Added Pin To Net: NetName=ADC3_IN15 Pin=U1-15
Added Net: Name=ADC3_IN15
Added Pin To Net: NetName=ADC12_IN6 Pin=R31-1
Added Pin To Net: NetName=ADC12_IN6 Pin=U1-42
Added Net: Name=ADC12_IN6
Added Pin To Net: NetName=ADC12_IN7 Pin=R32-2
Added Pin To Net: NetName=ADC12_IN7 Pin=U1-43
Added Net: Name=ADC12_IN7
Added Pin To Net: NetName=ADC12_IN8 Pin=R33-1
Added Pin To Net: NetName=ADC12_IN8 Pin=U1-46
Added Net: Name=ADC12_IN8
Added Pin To Net: NetName=ADC12_IN9 Pin=R34-2
Added Pin To Net: NetName=ADC12_IN9 Pin=U1-47
Added Net: Name=ADC12_IN9
Added Pin To Net: NetName=ADC12_IN14 Pin=R39-1
Added Pin To Net: NetName=ADC12_IN14 Pin=U1-44
Added Net: Name=ADC12_IN14
Added Pin To Net: NetName=ADC12_IN15 Pin=R40-2
Added Pin To Net: NetName=ADC12_IN15 Pin=U1-45
Added Net: Name=ADC12_IN15
Added Pin To Net: NetName=ADC123_IN0 Pin=R25-1
Added Pin To Net: NetName=ADC123_IN0 Pin=U1-34
Added Net: Name=ADC123_IN0
Added Pin To Net: NetName=ADC123_IN1 Pin=R26-2
Added Pin To Net: NetName=ADC123_IN1 Pin=U1-35
Added Net: Name=ADC123_IN1
Added Pin To Net: NetName=ADC123_IN2 Pin=R27-1
Added Pin To Net: NetName=ADC123_IN2 Pin=U1-36
Added Net: Name=ADC123_IN2
Added Pin To Net: NetName=ADC123_IN3 Pin=R28-2
Added Pin To Net: NetName=ADC123_IN3 Pin=U1-37
Added Net: Name=ADC123_IN3
Added Pin To Net: NetName=ADC123_IN10 Pin=R35-1
Added Pin To Net: NetName=ADC123_IN10 Pin=U1-26
Added Net: Name=ADC123_IN10
Added Pin To Net: NetName=ADC123_IN11 Pin=R36-2
Added Pin To Net: NetName=ADC123_IN11 Pin=U1-27
Added Net: Name=ADC123_IN11
Added Pin To Net: NetName=ADC123_IN12 Pin=R37-1
Added Pin To Net: NetName=ADC123_IN12 Pin=U1-28
Added Net: Name=ADC123_IN12
Added Pin To Net: NetName=ADC123_IN13 Pin=R38-2
Added Pin To Net: NetName=ADC123_IN13 Pin=U1-29
Added Net: Name=ADC123_IN13
Added Pin To Net: NetName=BOOT0 Pin=R17-2
Added Pin To Net: NetName=BOOT0 Pin=S1-4
Added Pin To Net: NetName=BOOT0 Pin=U1-138
Added Net: Name=BOOT0
Added Pin To Net: NetName=BOOT1 Pin=R16-2
Added Pin To Net: NetName=BOOT1 Pin=S1-3
Added Pin To Net: NetName=BOOT1 Pin=U1-48
Added Net: Name=BOOT1
Added Pin To Net: NetName=CAN1_RX Pin=U1-103
Added Pin To Net: NetName=CAN1_RX Pin=U5-4
Added Net: Name=CAN1_RX
Added Pin To Net: NetName=CAN1_TX Pin=U1-104
Added Pin To Net: NetName=CAN1_TX Pin=U5-1
Added Net: Name=CAN1_TX
Added Pin To Net: NetName=CAN2_RX Pin=U1-73
Added Pin To Net: NetName=CAN2_RX Pin=U6-4
Added Net: Name=CAN2_RX
Added Pin To Net: NetName=CAN2_TX Pin=U1-74
Added Pin To Net: NetName=CAN2_TX Pin=U6-1
Added Net: Name=CAN2_TX
Added Pin To Net: NetName=DAC_OUT1 Pin=R29-1
Added Pin To Net: NetName=DAC_OUT1 Pin=U1-40
Added Net: Name=DAC_OUT1
Added Pin To Net: NetName=DAC_OUT2 Pin=R30-2
Added Pin To Net: NetName=DAC_OUT2 Pin=U1-41
Added Net: Name=DAC_OUT2
Added Pin To Net: NetName=GND Pin=C1-2
Added Pin To Net: NetName=GND Pin=C2-1
Added Pin To Net: NetName=GND Pin=C3-2
Added Pin To Net: NetName=GND Pin=C4-2
Added Pin To Net: NetName=GND Pin=C5-2
Added Pin To Net: NetName=GND Pin=C6-1
Added Pin To Net: NetName=GND Pin=C7-2
Added Pin To Net: NetName=GND Pin=C8-2
Added Pin To Net: NetName=GND Pin=C9-2
Added Pin To Net: NetName=GND Pin=C10-1
Added Pin To Net: NetName=GND Pin=C11-2
Added Pin To Net: NetName=GND Pin=C12-1
Added Pin To Net: NetName=GND Pin=C14-1
Added Pin To Net: NetName=GND Pin=C15-2
Added Pin To Net: NetName=GND Pin=C18-1
Added Pin To Net: NetName=GND Pin=C19-2
Added Pin To Net: NetName=GND Pin=C20-2
Added Pin To Net: NetName=GND Pin=C21-1
Added Pin To Net: NetName=GND Pin=C22-1
Added Pin To Net: NetName=GND Pin=C23-1
Added Pin To Net: NetName=GND Pin=C24-1
Added Pin To Net: NetName=GND Pin=C25-2
Added Pin To Net: NetName=GND Pin=C26-2
Added Pin To Net: NetName=GND Pin=D1-1
Added Pin To Net: NetName=GND Pin=D2-2
Added Pin To Net: NetName=GND Pin=D3-1
Added Pin To Net: NetName=GND Pin=D4-2
Added Pin To Net: NetName=GND Pin=J1-6
Added Pin To Net: NetName=GND Pin=P1-4
Added Pin To Net: NetName=GND Pin=P2-4
Added Pin To Net: NetName=GND Pin=P3-5
Added Pin To Net: NetName=GND Pin=P4-4
Added Pin To Net: NetName=GND Pin=P5-4
Added Pin To Net: NetName=GND Pin=P6-5
Added Pin To Net: NetName=GND Pin=P14-14
Added Pin To Net: NetName=GND Pin=P15-16
Added Pin To Net: NetName=GND Pin=P17-2
Added Pin To Net: NetName=GND Pin=P17-4
Added Pin To Net: NetName=GND Pin=P17-6
Added Pin To Net: NetName=GND Pin=P17-8
Added Pin To Net: NetName=GND Pin=P17-10
Added Pin To Net: NetName=GND Pin=P17-12
Added Pin To Net: NetName=GND Pin=P17-14
Added Pin To Net: NetName=GND Pin=P17-16
Added Pin To Net: NetName=GND Pin=P19-2
Added Pin To Net: NetName=GND Pin=P19-4
Added Pin To Net: NetName=GND Pin=P19-6
Added Pin To Net: NetName=GND Pin=P19-8
Added Pin To Net: NetName=GND Pin=P19-10
Added Pin To Net: NetName=GND Pin=P19-12
Added Pin To Net: NetName=GND Pin=P19-14
Added Pin To Net: NetName=GND Pin=P19-16
Added Pin To Net: NetName=GND Pin=R2-1
Added Pin To Net: NetName=GND Pin=R6-1
Added Pin To Net: NetName=GND Pin=R11-2
Added Pin To Net: NetName=GND Pin=R16-1
Added Pin To Net: NetName=GND Pin=R17-1
Added Pin To Net: NetName=GND Pin=R19-1
Added Pin To Net: NetName=GND Pin=R22-2
Added Pin To Net: NetName=GND Pin=S2-1
Added Pin To Net: NetName=GND Pin=U1-16
Added Pin To Net: NetName=GND Pin=U1-38
Added Pin To Net: NetName=GND Pin=U1-51
Added Pin To Net: NetName=GND Pin=U1-61
Added Pin To Net: NetName=GND Pin=U1-83
Added Pin To Net: NetName=GND Pin=U1-94
Added Pin To Net: NetName=GND Pin=U1-107
Added Pin To Net: NetName=GND Pin=U1-120
Added Pin To Net: NetName=GND Pin=U1-130
Added Pin To Net: NetName=GND Pin=U2-3
Added Pin To Net: NetName=GND Pin=U2-5
Added Pin To Net: NetName=GND Pin=U3-3
Added Pin To Net: NetName=GND Pin=U3-5
Added Pin To Net: NetName=GND Pin=U4-1
Added Pin To Net: NetName=GND Pin=U5-2
Added Pin To Net: NetName=GND Pin=U5-8
Added Pin To Net: NetName=GND Pin=U6-2
Added Pin To Net: NetName=GND Pin=U6-8
Added Pin To Net: NetName=GND Pin=X1-2
Added Pin To Net: NetName=GND Pin=X2-2
Added Pin To Net: NetName=GND Pin=X3-2
Added Pin To Net: NetName=GND Pin=X4-2
Added Pin To Net: NetName=GND Pin=X5-2
Added Pin To Net: NetName=GND Pin=X6-2
Added Pin To Net: NetName=GND Pin=X7-2
Added Pin To Net: NetName=GND Pin=X8-2
Added Pin To Net: NetName=GND Pin=X9-2
Added Pin To Net: NetName=GND Pin=X10-2
Added Net: Name=GND
Added Pin To Net: NetName=NetC3_1 Pin=C3-1
Added Pin To Net: NetName=NetC3_1 Pin=C4-1
Added Pin To Net: NetName=NetC3_1 Pin=L1-2
Added Pin To Net: NetName=NetC3_1 Pin=R1-2
Added Pin To Net: NetName=NetC3_1 Pin=R1-3
Added Pin To Net: NetName=NetC3_1 Pin=R3-1
Added Pin To Net: NetName=NetC3_1 Pin=R4-1
Added Net: Name=NetC3_1
Added Pin To Net: NetName=NetC7_1 Pin=C7-1
Added Pin To Net: NetName=NetC7_1 Pin=C8-1
Added Pin To Net: NetName=NetC7_1 Pin=L2-2
Added Pin To Net: NetName=NetC7_1 Pin=R5-2
Added Pin To Net: NetName=NetC7_1 Pin=R5-3
Added Pin To Net: NetName=NetC7_1 Pin=R7-1
Added Pin To Net: NetName=NetC7_1 Pin=R8-1
Added Net: Name=NetC7_1
Added Pin To Net: NetName=NetC11_1 Pin=C11-1
Added Pin To Net: NetName=NetC11_1 Pin=C12-2
Added Pin To Net: NetName=NetC11_1 Pin=R9-1
Added Pin To Net: NetName=NetC11_1 Pin=U4-2
Added Net: Name=NetC11_1
Added Pin To Net: NetName=NetC16_2 Pin=C16-2
Added Pin To Net: NetName=NetC16_2 Pin=R13-1
Added Pin To Net: NetName=NetC16_2 Pin=U1-32
Added Net: Name=NetC16_2
Added Pin To Net: NetName=NetC19_1 Pin=C19-1
Added Pin To Net: NetName=NetC19_1 Pin=R20-2
Added Pin To Net: NetName=NetC19_1 Pin=U1-23
Added Net: Name=NetC19_1
Added Pin To Net: NetName=NetC20_1 Pin=C20-1
Added Pin To Net: NetName=NetC20_1 Pin=R20-1
Added Pin To Net: NetName=NetC20_1 Pin=U1-24
Added Net: Name=NetC20_1
Added Pin To Net: NetName=NetC21_2 Pin=C21-2
Added Pin To Net: NetName=NetC21_2 Pin=U1-106
Added Net: Name=NetC21_2
Added Pin To Net: NetName=NetC22_2 Pin=C22-2
Added Pin To Net: NetName=NetC22_2 Pin=U1-71
Added Net: Name=NetC22_2
Added Pin To Net: NetName=NetC23_2 Pin=C23-2
Added Pin To Net: NetName=NetC23_2 Pin=U1-8
Added Net: Name=NetC23_2
Added Pin To Net: NetName=NetC24_2 Pin=C24-2
Added Pin To Net: NetName=NetC24_2 Pin=U1-9
Added Net: Name=NetC24_2
Added Pin To Net: NetName=NetD1_2 Pin=D1-2
Added Pin To Net: NetName=NetD1_2 Pin=L1-1
Added Pin To Net: NetName=NetD1_2 Pin=U2-2
Added Net: Name=NetD1_2
Added Pin To Net: NetName=NetD2_1 Pin=D2-1
Added Pin To Net: NetName=NetD2_1 Pin=R3-2
Added Net: Name=NetD2_1
Added Pin To Net: NetName=NetD3_2 Pin=D3-2
Added Pin To Net: NetName=NetD3_2 Pin=L2-1
Added Pin To Net: NetName=NetD3_2 Pin=U3-2
Added Net: Name=NetD3_2
Added Pin To Net: NetName=NetD4_1 Pin=D4-1
Added Pin To Net: NetName=NetD4_1 Pin=R7-2
Added Net: Name=NetD4_1
Added Pin To Net: NetName=NetP7_1 Pin=P7-1
Added Pin To Net: NetName=NetP7_1 Pin=P8-1
Added Pin To Net: NetName=NetP7_1 Pin=P9-1
Added Pin To Net: NetName=NetP7_1 Pin=P10-1
Added Pin To Net: NetName=NetP7_1 Pin=P11-1
Added Pin To Net: NetName=NetP7_1 Pin=P12-1
Added Pin To Net: NetName=NetP7_1 Pin=R23-2
Added Pin To Net: NetName=NetP7_1 Pin=U5-7
Added Net: Name=NetP7_1
Added Pin To Net: NetName=NetP7_2 Pin=P7-2
Added Pin To Net: NetName=NetP7_2 Pin=P8-2
Added Pin To Net: NetName=NetP7_2 Pin=P9-2
Added Pin To Net: NetName=NetP7_2 Pin=P10-2
Added Pin To Net: NetName=NetP7_2 Pin=P11-2
Added Pin To Net: NetName=NetP7_2 Pin=P12-2
Added Pin To Net: NetName=NetP7_2 Pin=R23-1
Added Pin To Net: NetName=NetP7_2 Pin=U5-6
Added Net: Name=NetP7_2
Added Pin To Net: NetName=NetP13_1 Pin=P13-1
Added Pin To Net: NetName=NetP13_1 Pin=R24-2
Added Pin To Net: NetName=NetP13_1 Pin=U6-7
Added Net: Name=NetP13_1
Added Pin To Net: NetName=NetP13_2 Pin=P13-2
Added Pin To Net: NetName=NetP13_2 Pin=R24-1
Added Pin To Net: NetName=NetP13_2 Pin=U6-6
Added Net: Name=NetP13_2
Added Pin To Net: NetName=NetP14_1 Pin=P14-1
Added Pin To Net: NetName=NetP14_1 Pin=R25-2
Added Net: Name=NetP14_1
Added Pin To Net: NetName=NetP14_2 Pin=P14-2
Added Pin To Net: NetName=NetP14_2 Pin=R26-1
Added Net: Name=NetP14_2
Added Pin To Net: NetName=NetP14_3 Pin=P14-3
Added Pin To Net: NetName=NetP14_3 Pin=R27-2
Added Net: Name=NetP14_3
Added Pin To Net: NetName=NetP14_4 Pin=P14-4
Added Pin To Net: NetName=NetP14_4 Pin=R28-1
Added Net: Name=NetP14_4
Added Pin To Net: NetName=NetP14_5 Pin=P14-5
Added Pin To Net: NetName=NetP14_5 Pin=R29-2
Added Net: Name=NetP14_5
Added Pin To Net: NetName=NetP14_6 Pin=P14-6
Added Pin To Net: NetName=NetP14_6 Pin=R30-1
Added Net: Name=NetP14_6
Added Pin To Net: NetName=NetP14_7 Pin=P14-7
Added Pin To Net: NetName=NetP14_7 Pin=R31-2
Added Net: Name=NetP14_7
Added Pin To Net: NetName=NetP14_8 Pin=P14-8
Added Pin To Net: NetName=NetP14_8 Pin=R32-1
Added Net: Name=NetP14_8
Added Pin To Net: NetName=NetP14_9 Pin=P14-9
Added Pin To Net: NetName=NetP14_9 Pin=R33-2
Added Net: Name=NetP14_9
Added Pin To Net: NetName=NetP14_10 Pin=P14-10
Added Pin To Net: NetName=NetP14_10 Pin=R34-1
Added Net: Name=NetP14_10
Added Pin To Net: NetName=NetP15_1 Pin=P15-1
Added Pin To Net: NetName=NetP15_1 Pin=R35-2
Added Net: Name=NetP15_1
Added Pin To Net: NetName=NetP15_2 Pin=P15-2
Added Pin To Net: NetName=NetP15_2 Pin=R36-1
Added Net: Name=NetP15_2
Added Pin To Net: NetName=NetP15_3 Pin=P15-3
Added Pin To Net: NetName=NetP15_3 Pin=R37-2
Added Net: Name=NetP15_3
Added Pin To Net: NetName=NetP15_4 Pin=P15-4
Added Pin To Net: NetName=NetP15_4 Pin=R38-1
Added Net: Name=NetP15_4
Added Pin To Net: NetName=NetP15_5 Pin=P15-5
Added Pin To Net: NetName=NetP15_5 Pin=R39-2
Added Net: Name=NetP15_5
Added Pin To Net: NetName=NetP15_6 Pin=P15-6
Added Pin To Net: NetName=NetP15_6 Pin=R40-1
Added Net: Name=NetP15_6
Added Pin To Net: NetName=NetP15_7 Pin=P15-7
Added Pin To Net: NetName=NetP15_7 Pin=R41-2
Added Net: Name=NetP15_7
Added Pin To Net: NetName=NetP15_8 Pin=P15-8
Added Pin To Net: NetName=NetP15_8 Pin=R42-1
Added Net: Name=NetP15_8
Added Pin To Net: NetName=NetP15_9 Pin=P15-9
Added Pin To Net: NetName=NetP15_9 Pin=R43-2
Added Net: Name=NetP15_9
Added Pin To Net: NetName=NetP15_10 Pin=P15-10
Added Pin To Net: NetName=NetP15_10 Pin=R44-1
Added Net: Name=NetP15_10
Added Pin To Net: NetName=NetP15_11 Pin=P15-11
Added Pin To Net: NetName=NetP15_11 Pin=R45-2
Added Net: Name=NetP15_11
Added Pin To Net: NetName=NetP15_12 Pin=P15-12
Added Pin To Net: NetName=NetP15_12 Pin=R46-1
Added Net: Name=NetP15_12
Added Pin To Net: NetName=NetP15_13 Pin=P15-13
Added Pin To Net: NetName=NetP15_13 Pin=R47-2
Added Net: Name=NetP15_13
Added Pin To Net: NetName=NetP15_14 Pin=P15-14
Added Pin To Net: NetName=NetP15_14 Pin=R48-1
Added Net: Name=NetP15_14
Added Pin To Net: NetName=NetP16_1 Pin=P16-1
Added Pin To Net: NetName=NetP16_1 Pin=R49-2
Added Net: Name=NetP16_1
Added Pin To Net: NetName=NetP16_2 Pin=P16-2
Added Pin To Net: NetName=NetP16_2 Pin=R50-2
Added Net: Name=NetP16_2
Added Pin To Net: NetName=NetP16_3 Pin=P16-3
Added Pin To Net: NetName=NetP16_3 Pin=R51-2
Added Net: Name=NetP16_3
Added Pin To Net: NetName=NetP16_4 Pin=P16-4
Added Pin To Net: NetName=NetP16_4 Pin=R52-2
Added Net: Name=NetP16_4
Added Pin To Net: NetName=NetP16_5 Pin=P16-5
Added Pin To Net: NetName=NetP16_5 Pin=R53-2
Added Net: Name=NetP16_5
Added Pin To Net: NetName=NetP16_6 Pin=P16-6
Added Pin To Net: NetName=NetP16_6 Pin=R54-2
Added Net: Name=NetP16_6
Added Pin To Net: NetName=NetP16_7 Pin=P16-7
Added Pin To Net: NetName=NetP16_7 Pin=R55-2
Added Net: Name=NetP16_7
Added Pin To Net: NetName=NetP16_8 Pin=P16-8
Added Pin To Net: NetName=NetP16_8 Pin=R56-2
Added Net: Name=NetP16_8
Added Pin To Net: NetName=NetP18_1 Pin=P18-1
Added Pin To Net: NetName=NetP18_1 Pin=R57-2
Added Net: Name=NetP18_1
Added Pin To Net: NetName=NetP18_2 Pin=P18-2
Added Pin To Net: NetName=NetP18_2 Pin=R58-2
Added Net: Name=NetP18_2
Added Pin To Net: NetName=NetP18_3 Pin=P18-3
Added Pin To Net: NetName=NetP18_3 Pin=R59-2
Added Net: Name=NetP18_3
Added Pin To Net: NetName=NetP18_4 Pin=P18-4
Added Pin To Net: NetName=NetP18_4 Pin=R60-2
Added Net: Name=NetP18_4
Added Pin To Net: NetName=NetP18_5 Pin=P18-5
Added Pin To Net: NetName=NetP18_5 Pin=R61-2
Added Net: Name=NetP18_5
Added Pin To Net: NetName=NetP18_6 Pin=P18-6
Added Pin To Net: NetName=NetP18_6 Pin=R62-2
Added Net: Name=NetP18_6
Added Pin To Net: NetName=NetP18_7 Pin=P18-7
Added Pin To Net: NetName=NetP18_7 Pin=R63-2
Added Net: Name=NetP18_7
Added Pin To Net: NetName=NetP18_8 Pin=P18-8
Added Pin To Net: NetName=NetP18_8 Pin=R64-2
Added Net: Name=NetP18_8
Added Pin To Net: NetName=NetR1_1 Pin=R1-1
Added Pin To Net: NetName=NetR1_1 Pin=R2-2
Added Pin To Net: NetName=NetR1_1 Pin=U2-4
Added Net: Name=NetR1_1
Added Pin To Net: NetName=NetR5_1 Pin=R5-1
Added Pin To Net: NetName=NetR5_1 Pin=R6-2
Added Pin To Net: NetName=NetR5_1 Pin=U3-4
Added Net: Name=NetR5_1
Added Pin To Net: NetName=NetR14_2 Pin=R14-2
Added Pin To Net: NetName=NetR14_2 Pin=U1-6
Added Net: Name=NetR14_2
Added Pin To Net: NetName=NetR18_2 Pin=R18-2
Added Pin To Net: NetName=NetR18_2 Pin=U1-30
Added Net: Name=NetR18_2
Added Pin To Net: NetName=NetR21_1 Pin=R21-1
Added Pin To Net: NetName=NetR21_1 Pin=R22-1
Added Pin To Net: NetName=NetR21_1 Pin=U1-143
Added Net: Name=NetR21_1
Added Pin To Net: NetName=RST Pin=C15-1
Added Pin To Net: NetName=RST Pin=P6-4
Added Pin To Net: NetName=RST Pin=R12-1
Added Pin To Net: NetName=RST Pin=S2-2
Added Pin To Net: NetName=RST Pin=U1-25
Added Net: Name=RST
Added Pin To Net: NetName=SWCLK Pin=P6-3
Added Pin To Net: NetName=SWCLK Pin=U1-109
Added Net: Name=SWCLK
Added Pin To Net: NetName=SWDIO Pin=P6-2
Added Pin To Net: NetName=SWDIO Pin=U1-105
Added Net: Name=SWDIO
Added Pin To Net: NetName=TIM1_CH1 Pin=R57-1
Added Pin To Net: NetName=TIM1_CH1 Pin=U1-60
Added Net: Name=TIM1_CH1
Added Pin To Net: NetName=TIM1_CH2 Pin=R58-1
Added Pin To Net: NetName=TIM1_CH2 Pin=U1-64
Added Net: Name=TIM1_CH2
Added Pin To Net: NetName=TIM1_CH3 Pin=R59-1
Added Pin To Net: NetName=TIM1_CH3 Pin=U1-66
Added Net: Name=TIM1_CH3
Added Pin To Net: NetName=TIM1_CH4 Pin=R60-1
Added Pin To Net: NetName=TIM1_CH4 Pin=U1-67
Added Net: Name=TIM1_CH4
Added Pin To Net: NetName=TIM2_CH1 Pin=R49-1
Added Pin To Net: NetName=TIM2_CH1 Pin=U1-110
Added Net: Name=TIM2_CH1
Added Pin To Net: NetName=TIM2_CH2 Pin=R50-1
Added Pin To Net: NetName=TIM2_CH2 Pin=U1-133
Added Net: Name=TIM2_CH2
Added Pin To Net: NetName=TIM2_CH3 Pin=R51-1
Added Pin To Net: NetName=TIM2_CH3 Pin=U1-69
Added Net: Name=TIM2_CH3
Added Pin To Net: NetName=TIM2_CH4 Pin=R52-1
Added Pin To Net: NetName=TIM2_CH4 Pin=U1-70
Added Net: Name=TIM2_CH4
Added Pin To Net: NetName=TIM3_CH1 Pin=R53-1
Added Pin To Net: NetName=TIM3_CH1 Pin=U1-96
Added Net: Name=TIM3_CH1
Added Pin To Net: NetName=TIM3_CH2 Pin=R54-1
Added Pin To Net: NetName=TIM3_CH2 Pin=U1-97
Added Net: Name=TIM3_CH2
Added Pin To Net: NetName=TIM3_CH3 Pin=R55-1
Added Pin To Net: NetName=TIM3_CH3 Pin=U1-98
Added Net: Name=TIM3_CH3
Added Pin To Net: NetName=TIM3_CH4 Pin=R56-1
Added Pin To Net: NetName=TIM3_CH4 Pin=U1-99
Added Net: Name=TIM3_CH4
Added Pin To Net: NetName=TIM4_CH1 Pin=R61-1
Added Pin To Net: NetName=TIM4_CH1 Pin=U1-81
Added Net: Name=TIM4_CH1
Added Pin To Net: NetName=TIM4_CH2 Pin=R62-1
Added Pin To Net: NetName=TIM4_CH2 Pin=U1-82
Added Net: Name=TIM4_CH2
Added Pin To Net: NetName=TIM4_CH3 Pin=R63-1
Added Pin To Net: NetName=TIM4_CH3 Pin=U1-85
Added Net: Name=TIM4_CH3
Added Pin To Net: NetName=TIM4_CH4 Pin=R64-1
Added Pin To Net: NetName=TIM4_CH4 Pin=U1-86
Added Net: Name=TIM4_CH4
Added Pin To Net: NetName=UART4_RX Pin=P4-2
Added Pin To Net: NetName=UART4_RX Pin=U1-112
Added Net: Name=UART4_RX
Added Pin To Net: NetName=UART4_TX Pin=P4-3
Added Pin To Net: NetName=UART4_TX Pin=U1-111
Added Net: Name=UART4_TX
Added Pin To Net: NetName=UART5_RX Pin=P5-2
Added Pin To Net: NetName=UART5_RX Pin=U1-116
Added Net: Name=UART5_RX
Added Pin To Net: NetName=UART5_TX Pin=P5-3
Added Pin To Net: NetName=UART5_TX Pin=U1-113
Added Net: Name=UART5_TX
Added Pin To Net: NetName=UART7_RX Pin=J1-8
Added Pin To Net: NetName=UART7_RX Pin=U1-58
Added Net: Name=UART7_RX
Added Pin To Net: NetName=UART7_TX Pin=J1-10
Added Pin To Net: NetName=UART7_TX Pin=U1-59
Added Net: Name=UART7_TX
Added Pin To Net: NetName=USART1_RX Pin=P1-2
Added Pin To Net: NetName=USART1_RX Pin=U1-102
Added Net: Name=USART1_RX
Added Pin To Net: NetName=USART1_TX Pin=P1-3
Added Pin To Net: NetName=USART1_TX Pin=U1-101
Added Net: Name=USART1_TX
Added Pin To Net: NetName=USART2_RX Pin=P2-2
Added Pin To Net: NetName=USART2_RX Pin=U1-122
Added Net: Name=USART2_RX
Added Pin To Net: NetName=USART2_TX Pin=P2-3
Added Pin To Net: NetName=USART2_TX Pin=U1-119
Added Net: Name=USART2_TX
Added Pin To Net: NetName=USART3_CK Pin=P3-4
Added Pin To Net: NetName=USART3_CK Pin=U1-79
Added Net: Name=USART3_CK
Added Pin To Net: NetName=USART3_RX Pin=P3-2
Added Pin To Net: NetName=USART3_RX Pin=U1-78
Added Net: Name=USART3_RX
Added Pin To Net: NetName=USART3_TX Pin=P3-3
Added Pin To Net: NetName=USART3_TX Pin=U1-77
Added Net: Name=USART3_TX
Added Pin To Net: NetName=VCC_3V3 Pin=P14-11
Added Pin To Net: NetName=VCC_3V3 Pin=U5-5
Added Pin To Net: NetName=VCC_3V3 Pin=U6-5
Added Net: Name=VCC_3V3
Added Pin To Net: NetName=VCC_5V Pin=C9-1
Added Pin To Net: NetName=VCC_5V Pin=C10-2
Added Pin To Net: NetName=VCC_5V Pin=C25-1
Added Pin To Net: NetName=VCC_5V Pin=C26-1
Added Pin To Net: NetName=VCC_5V Pin=J1-2
Added Pin To Net: NetName=VCC_5V Pin=P1-1
Added Pin To Net: NetName=VCC_5V Pin=P2-1
Added Pin To Net: NetName=VCC_5V Pin=P3-1
Added Pin To Net: NetName=VCC_5V Pin=P4-1
Added Pin To Net: NetName=VCC_5V Pin=P5-1
Added Pin To Net: NetName=VCC_5V Pin=P14-12
Added Pin To Net: NetName=VCC_5V Pin=P15-15
Added Pin To Net: NetName=VCC_5V Pin=P19-1
Added Pin To Net: NetName=VCC_5V Pin=P19-3
Added Pin To Net: NetName=VCC_5V Pin=P19-5
Added Pin To Net: NetName=VCC_5V Pin=P19-7
Added Pin To Net: NetName=VCC_5V Pin=P19-9
Added Pin To Net: NetName=VCC_5V Pin=P19-11
Added Pin To Net: NetName=VCC_5V Pin=P19-13
Added Pin To Net: NetName=VCC_5V Pin=P19-15
Added Pin To Net: NetName=VCC_5V Pin=R4-2
Added Pin To Net: NetName=VCC_5V Pin=U4-3
Added Pin To Net: NetName=VCC_5V Pin=U5-3
Added Pin To Net: NetName=VCC_5V Pin=U6-3
Added Pin To Net: NetName=VCC_5V Pin=X10-1
Added Net: Name=VCC_5V
Added Pin To Net: NetName=VCC_24V Pin=C1-1
Added Pin To Net: NetName=VCC_24V Pin=C2-2
Added Pin To Net: NetName=VCC_24V Pin=C5-1
Added Pin To Net: NetName=VCC_24V Pin=C6-2
Added Pin To Net: NetName=VCC_24V Pin=C17-2
Added Pin To Net: NetName=VCC_24V Pin=R15-2
Added Pin To Net: NetName=VCC_24V Pin=U2-1
Added Pin To Net: NetName=VCC_24V Pin=U3-1
Added Pin To Net: NetName=VCC_24V Pin=X1-1
Added Pin To Net: NetName=VCC_24V Pin=X2-1
Added Pin To Net: NetName=VCC_24V Pin=X3-1
Added Pin To Net: NetName=VCC_24V Pin=X4-1
Added Pin To Net: NetName=VCC_24V Pin=X5-1
Added Pin To Net: NetName=VCC_24V Pin=X6-1
Added Pin To Net: NetName=VCC_24V Pin=X7-1
Added Pin To Net: NetName=VCC_24V Pin=X8-1
Added Net: Name=VCC_24V
Added Pin To Net: NetName=VCC_ADJ Pin=P17-1
Added Pin To Net: NetName=VCC_ADJ Pin=P17-3
Added Pin To Net: NetName=VCC_ADJ Pin=P17-5
Added Pin To Net: NetName=VCC_ADJ Pin=P17-7
Added Pin To Net: NetName=VCC_ADJ Pin=P17-9
Added Pin To Net: NetName=VCC_ADJ Pin=P17-11
Added Pin To Net: NetName=VCC_ADJ Pin=P17-13
Added Pin To Net: NetName=VCC_ADJ Pin=P17-15
Added Pin To Net: NetName=VCC_ADJ Pin=R8-2
Added Pin To Net: NetName=VCC_ADJ Pin=X9-1
Added Net: Name=VCC_ADJ
Added Pin To Net: NetName=VDD_3V3 Pin=C14-2
Added Pin To Net: NetName=VDD_3V3 Pin=P6-1
Added Pin To Net: NetName=VDD_3V3 Pin=R9-2
Added Pin To Net: NetName=VDD_3V3 Pin=R10-2
Added Pin To Net: NetName=VDD_3V3 Pin=R12-2
Added Pin To Net: NetName=VDD_3V3 Pin=R14-1
Added Pin To Net: NetName=VDD_3V3 Pin=R18-1
Added Pin To Net: NetName=VDD_3V3 Pin=R21-2
Added Pin To Net: NetName=VDD_3V3 Pin=S1-1
Added Pin To Net: NetName=VDD_3V3 Pin=S1-2
Added Pin To Net: NetName=VDD_3V3 Pin=U1-17
Added Pin To Net: NetName=VDD_3V3 Pin=U1-39
Added Pin To Net: NetName=VDD_3V3 Pin=U1-52
Added Pin To Net: NetName=VDD_3V3 Pin=U1-62
Added Pin To Net: NetName=VDD_3V3 Pin=U1-72
Added Pin To Net: NetName=VDD_3V3 Pin=U1-84
Added Pin To Net: NetName=VDD_3V3 Pin=U1-95
Added Pin To Net: NetName=VDD_3V3 Pin=U1-108
Added Pin To Net: NetName=VDD_3V3 Pin=U1-121
Added Pin To Net: NetName=VDD_3V3 Pin=U1-131
Added Pin To Net: NetName=VDD_3V3 Pin=U1-144
Added Net: Name=VDD_3V3
Added Pin To Net: NetName=VDDA Pin=C13-2
Added Pin To Net: NetName=VDDA Pin=R10-1
Added Pin To Net: NetName=VDDA Pin=R13-2
Added Pin To Net: NetName=VDDA Pin=U1-33
Added Net: Name=VDDA
Added Pin To Net: NetName=VSSA Pin=C13-1
Added Pin To Net: NetName=VSSA Pin=C16-1
Added Pin To Net: NetName=VSSA Pin=P14-13
Added Pin To Net: NetName=VSSA Pin=R11-1
Added Pin To Net: NetName=VSSA Pin=U1-31
Added Net: Name=VSSA
Added Class: Name=PCB Ver. 1.0
Added Room: Name=PCB Ver. 1.0
